<?xml version="1.0" encoding="UTF-8"?>
<testExecutions version="1">
  <file path="/Users/lilia.gastelum/Documents/Projects/react-apprenticeship-capstone1/src/utils/hooks/useFortune.test.tsx">
    <testCase name="should get value" duration="51"/>
  </file>
  <file path="/Users/lilia.gastelum/Documents/Projects/react-apprenticeship-capstone1/src/utils/utils.test.js">
    <testCase name="should get value" duration="31"/>
  </file>
  <file path="/Users/lilia.gastelum/Documents/Projects/react-apprenticeship-capstone1/src/components/Layout/Layout.test.js">
    <testCase name="renders layout must display form" duration="29"/>
  </file>
  <file path="/Users/lilia.gastelum/Documents/Projects/react-apprenticeship-capstone1/src/pages/Login/Login.test.js">
    <testCase name="renders login must display form" duration="47"/>
  </file>
  <file path="/Users/lilia.gastelum/Documents/Projects/react-apprenticeship-capstone1/src/pages/Header/Header.test.js">
    <testCase name="renders header must display menu" duration="56"/>
  </file>
  <file path="/Users/lilia.gastelum/Documents/Projects/react-apprenticeship-capstone1/src/pages/SideBar/SideBar.test.tsx">
    <testCase name="renders side bar must display message" duration="46"/>
    <testCase name="renders side bar change option home" duration="15"/>
    <testCase name="renders side bar change option favorite" duration="7"/>
    <testCase name="renders side bar change option watchLater" duration="6"/>
  </file>
  <file path="/Users/lilia.gastelum/Documents/Projects/react-apprenticeship-capstone1/src/pages/Home/Home.test.js">
    <testCase name="renders total items message must display message" duration="102"/>
    <testCase name="renders total items message fetch catches error" duration="49"/>
    <testCase name="renders total items message log out button" duration="40"/>
    <testCase name="renders video item must display message" duration="6"/>
  </file>
  <file path="/Users/lilia.gastelum/Documents/Projects/react-apprenticeship-capstone1/src/components/App/App.test.js">
    <testCase name="renders app must display app" duration="95"/>
  </file>
</testExecutions>